[41;37m./luci-app-aliddns: has no/multi config file(s), skipping...[0m
[41;37m./luci-app-aliddns: has no/multi config file(s), skipping...[0m
[41;37m./luci-app-aliddns: has no/multi config file(s), skipping...[0m
[41;37m./luci-app-aliddns: has no/multi config file(s), skipping...[0m
[41;37m./luci-app-aliddns: has no/multi config file(s), skipping...[0m
[41;37m./luci-app-aliddns: has no/multi config file(s), skipping...[0m
[41;37m./luci-app-onliner: has no/multi config file(s), skipping...[0m
[41;37m./luci-app-onliner: has no/multi config file(s), skipping...[0m
[41;37m./luci-app-onliner: has no/multi config file(s), skipping...[0m
[41;37m./luci-app-onliner: has no/multi config file(s), skipping...[0m
[41;37m./luci-app-onliner: has no/multi config file(s), skipping...[0m
[41;37m./luci-app-onliner: has no/multi config file(s), skipping...[0m
[41;37m./luci-app-onliner: has no/multi config file(s), skipping...[0m
[41;37m./luci-app-poweroff: has no/multi config file(s), skipping...[0m
[41;37m./luci-app-poweroff: has no/multi config file(s), skipping...[0m
[41;37m./luci-app-poweroff: has no/multi config file(s), skipping...[0m
[41;37m./luci-app-poweroff: has no/multi config file(s), skipping...[0m
[41;37m./luci-app-poweroff: has no/multi config file(s), skipping...[0m
[41;37m./luci-app-poweroff: has no/multi config file(s), skipping...[0m
[41;37m./luci-app-smartdns: has no/multi config file(s), skipping...[0m
[41;37m./luci-app-smartdns: has no/multi config file(s), skipping...[0m
[41;37m./luci-app-smartdns: has no/multi config file(s), skipping...[0m
[41;37m./luci-app-smartdns: has no/multi config file(s), skipping...[0m
[41;37m./luci-app-smartdns: has no/multi config file(s), skipping...[0m
[41;37m./luci-app-tencentcloud-cos: has no/multi config file(s), skipping...[0m
[41;37m./luci-app-tencentcloud-cos: has no/multi config file(s), skipping...[0m
[41;37m./luci-app-tencentcloud-cos: has no/multi config file(s), skipping...[0m
[41;37m./luci-app-tencentcloud-cos: has no/multi config file(s), skipping...[0m
[41;37m./luci-app-tencentddns: has no/multi config file(s), skipping...[0m
[41;37m./luci-app-tencentddns: has no/multi config file(s), skipping...[0m
[41;37m./luci-app-tencentddns: has no/multi config file(s), skipping...[0m
[41;37m./luci-app-tencentddns: has no/multi config file(s), skipping...[0m
[41;37m./luci-app-tencentddns: has no/multi config file(s), skipping...[0m
[41;37m./luci-app-aliddns: has no/multi config file(s), skipping...[0m
[41;37m./luci-app-aliddns: has no/multi config file(s), skipping...[0m
[41;37m./luci-app-aliddns: has no/multi config file(s), skipping...[0m
[41;37m./luci-app-aliddns: has no/multi config file(s), skipping...[0m
[41;37m./luci-app-aliddns: has no/multi config file(s), skipping...[0m
[41;37m./luci-app-aliddns: has no/multi config file(s), skipping...[0m
[41;37m./luci-app-onliner: has no/multi config file(s), skipping...[0m
[41;37m./luci-app-onliner: has no/multi config file(s), skipping...[0m
[41;37m./luci-app-onliner: has no/multi config file(s), skipping...[0m
[41;37m./luci-app-onliner: has no/multi config file(s), skipping...[0m
[41;37m./luci-app-onliner: has no/multi config file(s), skipping...[0m
[41;37m./luci-app-onliner: has no/multi config file(s), skipping...[0m
[41;37m./luci-app-onliner: has no/multi config file(s), skipping...[0m
[41;37m./luci-app-poweroff: has no/multi config file(s), skipping...[0m
[41;37m./luci-app-poweroff: has no/multi config file(s), skipping...[0m
[41;37m./luci-app-poweroff: has no/multi config file(s), skipping...[0m
[41;37m./luci-app-poweroff: has no/multi config file(s), skipping...[0m
[41;37m./luci-app-poweroff: has no/multi config file(s), skipping...[0m
[41;37m./luci-app-poweroff: has no/multi config file(s), skipping...[0m
[41;37m./luci-app-smartdns: has no/multi config file(s), skipping...[0m
[41;37m./luci-app-smartdns: has no/multi config file(s), skipping...[0m
[41;37m./luci-app-smartdns: has no/multi config file(s), skipping...[0m
[41;37m./luci-app-smartdns: has no/multi config file(s), skipping...[0m
[41;37m./luci-app-smartdns: has no/multi config file(s), skipping...[0m
[41;37m./luci-app-tencentcloud-cos: has no/multi config file(s), skipping...[0m
[41;37m./luci-app-tencentcloud-cos: has no/multi config file(s), skipping...[0m
[41;37m./luci-app-tencentcloud-cos: has no/multi config file(s), skipping...[0m
[41;37m./luci-app-tencentcloud-cos: has no/multi config file(s), skipping...[0m
[41;37m./luci-app-tencentddns: has no/multi config file(s), skipping...[0m
[41;37m./luci-app-tencentddns: has no/multi config file(s), skipping...[0m
[41;37m./luci-app-tencentddns: has no/multi config file(s), skipping...[0m
[41;37m./luci-app-tencentddns: has no/multi config file(s), skipping...[0m
[41;37m./luci-app-tencentddns: has no/multi config file(s), skipping...[0m
